<?xml version="1.0" encoding="UTF-8"?>
<testng-results skipped="0" failed="0" ignored="0" total="1" passed="1">
  <reporter-output>
  </reporter-output>
  <suite name="Default suite" duration-ms="17073" started-at="2018-05-02T14:31:48Z" finished-at="2018-05-02T14:32:05Z">
    <groups>
    </groups>
    <test name="Default test" duration-ms="17073" started-at="2018-05-02T14:31:48Z" finished-at="2018-05-02T14:32:05Z">
      <class name="windows_tabs.HandleMultipleWindows">
        <test-method status="PASS" signature="handleWindow()[pri:0, instance:windows_tabs.HandleMultipleWindows@3e57cd70]" name="handleWindow" duration-ms="17024" started-at="2018-05-02T14:31:48Z" finished-at="2018-05-02T14:32:05Z">
          <reporter-output>
          </reporter-output>
        </test-method> <!-- handleWindow -->
      </class> <!-- windows_tabs.HandleMultipleWindows -->
    </test> <!-- Default test -->
  </suite> <!-- Default suite -->
</testng-results>
